Using pre-set license
Built from '2021.1/staging' branch; Version is '2021.1.12f1 (afcadd793de6) revision 11520733'; Using compiler version '192528614'; Build Type 'Release'
OS: 'Windows 10 Enterprise N; OS build 19042.1165; Version 2009; 64bit' Language: 'en' Physical Memory: 32489 MB
BatchMode: 1, IsHumanControllingUs: 0, StartBugReporterOnCrash: 0, Is64bit: 1, IsPro: 0

 COMMAND LINE ARGUMENTS:
C:\Program Files\Unity\Hub\Editor\2021.1.12f1\Editor\Unity.exe
-adb2
-batchMode
-noUpm
-name
AssetImportWorker1
-projectPath
C:/Users/s1706262/Desktop/Masters/MachineLearningAssignment
-logFile
Logs/AssetImportWorker1.log
-srvPort
53742
Successfully changed project path to: C:/Users/s1706262/Desktop/Masters/MachineLearningAssignment
C:/Users/s1706262/Desktop/Masters/MachineLearningAssignment
Using Asset Import Pipeline V2.
Refreshing native plugins compatible for Editor in 114.10 ms, found 7 plugins.
Preloading 0 native plugins for Editor in 0.00 ms.
Initialize engine version: 2021.1.12f1 (afcadd793de6)
[Subsystems] Discovering subsystems at path C:/Program Files/Unity/Hub/Editor/2021.1.12f1/Editor/Data/Resources/UnitySubsystems
[Subsystems] Discovering subsystems at path C:/Users/s1706262/Desktop/Masters/MachineLearningAssignment/Assets
GfxDevice: creating device client; threaded=0; jobified=0
Direct3D:
    Version:  Direct3D 11.0 [level 11.1]
    Renderer: NVIDIA Quadro RTX 4000 (ID=0x1eb1)
    Vendor:   NVIDIA
    VRAM:     8018 MB
    Driver:   27.21.14.5244
Initialize mono
Mono path[0] = 'C:/Program Files/Unity/Hub/Editor/2021.1.12f1/Editor/Data/Managed'
Mono path[1] = 'C:/Program Files/Unity/Hub/Editor/2021.1.12f1/Editor/Data/MonoBleedingEdge/lib/mono/unityjit'
Mono config path = 'C:/Program Files/Unity/Hub/Editor/2021.1.12f1/Editor/Data/MonoBleedingEdge/etc'
Using monoOptions --debugger-agent=transport=dt_socket,embedding=1,server=y,suspend=n,address=127.0.0.1:56584
Begin MonoManager ReloadAssembly
Registering precompiled unity dll's ...
Register platform support module: C:/Program Files/Unity/Hub/Editor/2021.1.12f1/Editor/Data/PlaybackEngines/WebGLSupport/UnityEditor.WebGL.Extensions.dll
Register platform support module: C:/Program Files/Unity/Hub/Editor/2021.1.12f1/Editor/Data/PlaybackEngines/MacStandaloneSupport/UnityEditor.OSXStandalone.Extensions.dll
Register platform support module: C:/Program Files/Unity/Hub/Editor/2021.1.12f1/Editor/Data/PlaybackEngines/WindowsStandaloneSupport/UnityEditor.WindowsStandalone.Extensions.dll
Register platform support module: C:/Program Files/Unity/Hub/Editor/2021.1.12f1/Editor/Data/PlaybackEngines/Switch/UnityEditor.Switch.Extensions.dll
Register platform support module: C:/Program Files/Unity/Hub/Editor/2021.1.12f1/Editor/Data/PlaybackEngines/LinuxStandaloneSupport/UnityEditor.LinuxStandalone.Extensions.dll
Register platform support module: C:/Program Files/Unity/Hub/Editor/2021.1.12f1/Editor/Data/PlaybackEngines/LuminSupport/UnityEditor.Lumin.Extensions.dll
Registered in 0.004947 seconds.
Native extension for Lumin target not found
Native extension for LinuxStandalone target not found
Native extension for WindowsStandalone target not found
Native extension for OSXStandalone target not found
Native extension for WebGL target not found
Refreshing native plugins compatible for Editor in 97.05 ms, found 7 plugins.
Preloading 0 native plugins for Editor in 0.00 ms.
Mono: successfully reloaded assembly
- Completed reload, in  2.130 seconds
Domain Reload Profiling:
	ReloadAssembly (2130ms)
		BeginReloadAssembly (102ms)
			ExecutionOrderSort (0ms)
			DisableScriptedObjects (0ms)
			BackupInstance (0ms)
			ReleaseScriptingObjects (0ms)
			CreateAndSetChildDomain (1ms)
		EndReloadAssembly (466ms)
			LoadAssemblies (104ms)
			RebuildTransferFunctionScriptingTraits (0ms)
			SetupTypeCache (177ms)
			ReleaseScriptCaches (0ms)
			RebuildScriptCaches (24ms)
			SetupLoadedEditorAssemblies (227ms)
				LogAssemblyErrors (0ms)
				InitializePlatformSupportModulesInManaged (45ms)
				SetLoadedEditorAssemblies (0ms)
				RefreshPlugins (97ms)
				BeforeProcessingInitializeOnLoad (1ms)
				ProcessInitializeOnLoadAttributes (63ms)
				ProcessInitializeOnLoadMethodAttributes (21ms)
				AfterProcessingInitializeOnLoad (0ms)
				EditorAssembliesLoaded (0ms)
			ExecutionOrderSort2 (0ms)
			AwakeInstancesAfterBackupRestoration (0ms)
Platform modules already initialized, skipping
Registering precompiled user dll's ...
Registered in 0.021657 seconds.
Begin MonoManager ReloadAssembly
Symbol file LoadedFromMemory doesn't match image C:\Users\s1706262\Desktop\Masters\MachineLearningAssignment\Library\PackageCache\com.unity.visualscripting@1.6.1\Editor\VisualScripting.Core\Dependencies\YamlDotNet\Unity.VisualScripting.YamlDotNet.dll
Symbol file LoadedFromMemory doesn't match image C:\Users\s1706262\Desktop\Masters\MachineLearningAssignment\Library\PackageCache\com.unity.visualscripting@1.6.1\Editor\VisualScripting.Core\Dependencies\DotNetZip\Unity.VisualScripting.IonicZip.dll
Native extension for Lumin target not found
Native extension for LinuxStandalone target not found
Native extension for WindowsStandalone target not found
Native extension for OSXStandalone target not found
Native extension for WebGL target not found
Refreshing native plugins compatible for Editor in 121.22 ms, found 7 plugins.
Preloading 0 native plugins for Editor in 0.00 ms.
Mono: successfully reloaded assembly
- Completed reload, in  1.950 seconds
Domain Reload Profiling:
	ReloadAssembly (1950ms)
		BeginReloadAssembly (162ms)
			ExecutionOrderSort (0ms)
			DisableScriptedObjects (3ms)
			BackupInstance (0ms)
			ReleaseScriptingObjects (0ms)
			CreateAndSetChildDomain (21ms)
		EndReloadAssembly (1737ms)
			LoadAssemblies (161ms)
			RebuildTransferFunctionScriptingTraits (0ms)
			SetupTypeCache (388ms)
			ReleaseScriptCaches (0ms)
			RebuildScriptCaches (53ms)
			SetupLoadedEditorAssemblies (1101ms)
				LogAssemblyErrors (0ms)
				InitializePlatformSupportModulesInManaged (27ms)
				SetLoadedEditorAssemblies (0ms)
				RefreshPlugins (121ms)
				BeforeProcessingInitializeOnLoad (88ms)
				ProcessInitializeOnLoadAttributes (855ms)
				ProcessInitializeOnLoadMethodAttributes (3ms)
				AfterProcessingInitializeOnLoad (6ms)
				EditorAssembliesLoaded (0ms)
			ExecutionOrderSort2 (0ms)
			AwakeInstancesAfterBackupRestoration (5ms)
Platform modules already initialized, skipping
========================================================================
Worker process is ready to serve import requests
Launched and connected shader compiler UnityShaderCompiler.exe after 0.06 seconds
Refreshing native plugins compatible for Editor in 1.09 ms, found 7 plugins.
Preloading 0 native plugins for Editor in 0.00 ms.
Unloading 4383 Unused Serialized files (Serialized files now loaded: 0)
System memory in use before: 199.9 MB.
System memory in use after: 199.0 MB.

Unloading 94 unused Assets to reduce memory usage. Loaded Objects now: 4786.
Total: 3.187100 ms (FindLiveObjects: 0.236800 ms CreateObjectMapping: 0.112500 ms MarkObjects: 2.404000 ms  DeleteObjects: 0.432800 ms)

AssetImportParameters requested are different than current active one (requested -> active):
  custom:framework-win-MediaFoundation: 216162199b28c13a410421893ffa2e32 -> 
  custom:video-decoder-ogg-theora: a1e56fd34408186e4bbccfd4996cb3dc -> 
  custom:container-muxer-webm: aa71ff27fc2769a1b78a27578f13a17b -> 
  custom:container-demuxer-webm: 4f35f7cbe854078d1ac9338744f61a02 -> 
  custom:container-demuxer-ogg: 62fdf1f143b41e24485cea50d1cbac27 -> 
  custom:video-encoder-webm-vp8: eb34c28f22e8b96e1ab97ce403110664 -> 
  custom:video-decoder-webm-vp8: 9c59270c3fd7afecdb556c50c9e8de78 -> 
  custom:audio-decoder-ogg-vorbis: bf7c407c2cedff20999df2af8eb42d56 -> 
  custom:audio-encoder-webm-vorbis: bf7c407c2cedff20999df2af8eb42d56 -> 
========================================================================
Received Import Request.
  path: Assets/_project/Scripts/Games/Hummingbird/Environment/FlowerArea.cs
  artifactKey: Guid(0bad937970c11b540b59250614bf8fe0) Importer(815301076,1909f56bfc062723c751e8b465ee728b)
Start importing Assets/_project/Scripts/Games/Hummingbird/Environment/FlowerArea.cs using Guid(0bad937970c11b540b59250614bf8fe0) Importer(815301076,1909f56bfc062723c751e8b465ee728b)  -> (artifact id: '0224354073711fb2ee207857541b6968') in 0.025492 seconds 
========================================================================
Received Import Request.
  Time since last request: 0.000232 seconds.
  path: Assets/_project/Scripts/Games/Hummingbird/Environment/Computer.cs
  artifactKey: Guid(cd00b68c4aae25e43b397771742b9bed) Importer(815301076,1909f56bfc062723c751e8b465ee728b)
Start importing Assets/_project/Scripts/Games/Hummingbird/Environment/Computer.cs using Guid(cd00b68c4aae25e43b397771742b9bed) Importer(815301076,1909f56bfc062723c751e8b465ee728b)  -> (artifact id: '52f53f41143fcd44ff2711b92674a581') in 0.005132 seconds 
========================================================================
Received Import Request.
  Time since last request: 4.040848 seconds.
  path: Assets/_project/Scripts/Games/Hummingbird/Environment/ComputerArea.cs
  artifactKey: Guid(0bad937970c11b540b59250614bf8fe0) Importer(815301076,1909f56bfc062723c751e8b465ee728b)
Start importing Assets/_project/Scripts/Games/Hummingbird/Environment/ComputerArea.cs using Guid(0bad937970c11b540b59250614bf8fe0) Importer(815301076,1909f56bfc062723c751e8b465ee728b)  -> (artifact id: '634d6f4fe3b793956c9ed2bfbba3bbd6') in 0.006048 seconds 
========================================================================
Received Import Request.
  Time since last request: 26.001623 seconds.
  path: Assets/_project/Scripts/Games/Hummingbird/Environment/ComputerArea.cs
  artifactKey: Guid(0bad937970c11b540b59250614bf8fe0) Importer(815301076,1909f56bfc062723c751e8b465ee728b)
Start importing Assets/_project/Scripts/Games/Hummingbird/Environment/ComputerArea.cs using Guid(0bad937970c11b540b59250614bf8fe0) Importer(815301076,1909f56bfc062723c751e8b465ee728b)  -> (artifact id: '98d9740c31e3a7bfa72f8396dea3cc38') in 0.006285 seconds 
========================================================================
Received Import Request.
  Time since last request: 5.007563 seconds.
  path: Assets/_project/Scripts/Games/Hummingbird/Environment/Computer.cs
  artifactKey: Guid(cd00b68c4aae25e43b397771742b9bed) Importer(815301076,1909f56bfc062723c751e8b465ee728b)
Start importing Assets/_project/Scripts/Games/Hummingbird/Environment/Computer.cs using Guid(cd00b68c4aae25e43b397771742b9bed) Importer(815301076,1909f56bfc062723c751e8b465ee728b)  -> (artifact id: '6a9d986dec7055ed753145fc7c08652c') in 0.005199 seconds 
========================================================================
Received Prepare
Registering precompiled user dll's ...
Registered in 0.021347 seconds.
Begin MonoManager ReloadAssembly
Symbol file LoadedFromMemory doesn't match image C:\Users\s1706262\Desktop\Masters\MachineLearningAssignment\Library\PackageCache\com.unity.visualscripting@1.6.1\Editor\VisualScripting.Core\Dependencies\YamlDotNet\Unity.VisualScripting.YamlDotNet.dll
Symbol file LoadedFromMemory doesn't match image C:\Users\s1706262\Desktop\Masters\MachineLearningAssignment\Library\PackageCache\com.unity.visualscripting@1.6.1\Editor\VisualScripting.Core\Dependencies\DotNetZip\Unity.VisualScripting.IonicZip.dll
Native extension for Lumin target not found
Native extension for LinuxStandalone target not found
Native extension for WindowsStandalone target not found
Native extension for OSXStandalone target not found
Native extension for WebGL target not found
Refreshing native plugins compatible for Editor in 1.14 ms, found 7 plugins.
Preloading 0 native plugins for Editor in 0.00 ms.
Mono: successfully reloaded assembly
- Completed reload, in  1.044 seconds
Domain Reload Profiling:
	ReloadAssembly (1044ms)
		BeginReloadAssembly (158ms)
			ExecutionOrderSort (0ms)
			DisableScriptedObjects (3ms)
			BackupInstance (0ms)
			ReleaseScriptingObjects (0ms)
			CreateAndSetChildDomain (42ms)
		EndReloadAssembly (840ms)
			LoadAssemblies (156ms)
			RebuildTransferFunctionScriptingTraits (0ms)
			SetupTypeCache (254ms)
			ReleaseScriptCaches (1ms)
			RebuildScriptCaches (40ms)
			SetupLoadedEditorAssemblies (364ms)
				LogAssemblyErrors (0ms)
				InitializePlatformSupportModulesInManaged (29ms)
				SetLoadedEditorAssemblies (0ms)
				RefreshPlugins (1ms)
				BeforeProcessingInitializeOnLoad (56ms)
				ProcessInitializeOnLoadAttributes (270ms)
				ProcessInitializeOnLoadMethodAttributes (3ms)
				AfterProcessingInitializeOnLoad (5ms)
				EditorAssembliesLoaded (0ms)
			ExecutionOrderSort2 (0ms)
			AwakeInstancesAfterBackupRestoration (4ms)
Platform modules already initialized, skipping
Refreshing native plugins compatible for Editor in 0.97 ms, found 7 plugins.
Preloading 0 native plugins for Editor in 0.00 ms.
Unloading 4336 Unused Serialized files (Serialized files now loaded: 0)
System memory in use before: 195.8 MB.
System memory in use after: 194.9 MB.

Unloading 89 unused Assets to reduce memory usage. Loaded Objects now: 4789.
Total: 3.034200 ms (FindLiveObjects: 0.230200 ms CreateObjectMapping: 0.108900 ms MarkObjects: 2.310800 ms  DeleteObjects: 0.383400 ms)

AssetImportParameters requested are different than current active one (requested -> active):
  custom:framework-win-MediaFoundation: 216162199b28c13a410421893ffa2e32 -> 
  custom:video-decoder-ogg-theora: a1e56fd34408186e4bbccfd4996cb3dc -> 
  custom:container-muxer-webm: aa71ff27fc2769a1b78a27578f13a17b -> 
  custom:container-demuxer-webm: 4f35f7cbe854078d1ac9338744f61a02 -> 
  custom:container-demuxer-ogg: 62fdf1f143b41e24485cea50d1cbac27 -> 
  custom:video-encoder-webm-vp8: eb34c28f22e8b96e1ab97ce403110664 -> 
  custom:video-decoder-webm-vp8: 9c59270c3fd7afecdb556c50c9e8de78 -> 
  custom:audio-decoder-ogg-vorbis: bf7c407c2cedff20999df2af8eb42d56 -> 
  custom:audio-encoder-webm-vorbis: bf7c407c2cedff20999df2af8eb42d56 -> 
========================================================================
Received Import Request.
  Time since last request: 127.236798 seconds.
  path: Assets/_project/Scripts/Games/Hummingbird/Agent/HummingbirdAgent.cs
  artifactKey: Guid(4d49b51b591c1e24989a4633a2f9dce9) Importer(815301076,1909f56bfc062723c751e8b465ee728b)
Start importing Assets/_project/Scripts/Games/Hummingbird/Agent/HummingbirdAgent.cs using Guid(4d49b51b591c1e24989a4633a2f9dce9) Importer(815301076,1909f56bfc062723c751e8b465ee728b)  -> (artifact id: '8c2b6c97e45a93c3400e4c6a77211185') in 0.012081 seconds 
========================================================================
Received Import Request.
  Time since last request: 35.595664 seconds.
  path: Assets/_project/Scripts/Games/Hummingbird/Agent/HummingbirdAgent.cs
  artifactKey: Guid(4d49b51b591c1e24989a4633a2f9dce9) Importer(815301076,1909f56bfc062723c751e8b465ee728b)
Start importing Assets/_project/Scripts/Games/Hummingbird/Agent/HummingbirdAgent.cs using Guid(4d49b51b591c1e24989a4633a2f9dce9) Importer(815301076,1909f56bfc062723c751e8b465ee728b)  -> (artifact id: '25b648ab651ac76285e8e3bdf5dbbc74') in 0.005548 seconds 
========================================================================
Received Prepare
Registering precompiled user dll's ...
Registered in 0.023231 seconds.
Begin MonoManager ReloadAssembly
Symbol file LoadedFromMemory doesn't match image C:\Users\s1706262\Desktop\Masters\MachineLearningAssignment\Library\PackageCache\com.unity.visualscripting@1.6.1\Editor\VisualScripting.Core\Dependencies\YamlDotNet\Unity.VisualScripting.YamlDotNet.dll
Symbol file LoadedFromMemory doesn't match image C:\Users\s1706262\Desktop\Masters\MachineLearningAssignment\Library\PackageCache\com.unity.visualscripting@1.6.1\Editor\VisualScripting.Core\Dependencies\DotNetZip\Unity.VisualScripting.IonicZip.dll
Native extension for Lumin target not found
Native extension for LinuxStandalone target not found
Native extension for WindowsStandalone target not found
Native extension for OSXStandalone target not found
Native extension for WebGL target not found
Refreshing native plugins compatible for Editor in 1.07 ms, found 7 plugins.
Preloading 0 native plugins for Editor in 0.00 ms.
Mono: successfully reloaded assembly
- Completed reload, in  1.013 seconds
Domain Reload Profiling:
	ReloadAssembly (1014ms)
		BeginReloadAssembly (153ms)
			ExecutionOrderSort (0ms)
			DisableScriptedObjects (3ms)
			BackupInstance (0ms)
			ReleaseScriptingObjects (0ms)
			CreateAndSetChildDomain (41ms)
		EndReloadAssembly (820ms)
			LoadAssemblies (139ms)
			RebuildTransferFunctionScriptingTraits (0ms)
			SetupTypeCache (248ms)
			ReleaseScriptCaches (1ms)
			RebuildScriptCaches (39ms)
			SetupLoadedEditorAssemblies (368ms)
				LogAssemblyErrors (0ms)
				InitializePlatformSupportModulesInManaged (29ms)
				SetLoadedEditorAssemblies (0ms)
				RefreshPlugins (1ms)
				BeforeProcessingInitializeOnLoad (58ms)
				ProcessInitializeOnLoadAttributes (272ms)
				ProcessInitializeOnLoadMethodAttributes (3ms)
				AfterProcessingInitializeOnLoad (5ms)
				EditorAssembliesLoaded (0ms)
			ExecutionOrderSort2 (0ms)
			AwakeInstancesAfterBackupRestoration (4ms)
Platform modules already initialized, skipping
Refreshing native plugins compatible for Editor in 1.04 ms, found 7 plugins.
Preloading 0 native plugins for Editor in 0.00 ms.
Unloading 4336 Unused Serialized files (Serialized files now loaded: 0)
System memory in use before: 195.9 MB.
System memory in use after: 195.5 MB.

Unloading 89 unused Assets to reduce memory usage. Loaded Objects now: 4792.
Total: 3.333700 ms (FindLiveObjects: 0.224900 ms CreateObjectMapping: 0.116200 ms MarkObjects: 2.427700 ms  DeleteObjects: 0.563800 ms)

AssetImportParameters requested are different than current active one (requested -> active):
  custom:framework-win-MediaFoundation: 216162199b28c13a410421893ffa2e32 -> 
  custom:video-decoder-ogg-theora: a1e56fd34408186e4bbccfd4996cb3dc -> 
  custom:container-muxer-webm: aa71ff27fc2769a1b78a27578f13a17b -> 
  custom:container-demuxer-webm: 4f35f7cbe854078d1ac9338744f61a02 -> 
  custom:container-demuxer-ogg: 62fdf1f143b41e24485cea50d1cbac27 -> 
  custom:video-encoder-webm-vp8: eb34c28f22e8b96e1ab97ce403110664 -> 
  custom:video-decoder-webm-vp8: 9c59270c3fd7afecdb556c50c9e8de78 -> 
  custom:audio-decoder-ogg-vorbis: bf7c407c2cedff20999df2af8eb42d56 -> 
  custom:audio-encoder-webm-vorbis: bf7c407c2cedff20999df2af8eb42d56 -> 
========================================================================
Received Import Request.
  Time since last request: 28.356991 seconds.
  path: Assets/_project/Scripts/Games/Hummingbird/Agent/SpaceshipAgent.cs
  artifactKey: Guid(4d49b51b591c1e24989a4633a2f9dce9) Importer(815301076,1909f56bfc062723c751e8b465ee728b)
Start importing Assets/_project/Scripts/Games/Hummingbird/Agent/SpaceshipAgent.cs using Guid(4d49b51b591c1e24989a4633a2f9dce9) Importer(815301076,1909f56bfc062723c751e8b465ee728b)  -> (artifact id: '5e3f70e175f2a3db65e5ba517c7a551b') in 0.010750 seconds 
========================================================================
Received Prepare
Registering precompiled user dll's ...
Registered in 0.021197 seconds.
Begin MonoManager ReloadAssembly
Symbol file LoadedFromMemory doesn't match image C:\Users\s1706262\Desktop\Masters\MachineLearningAssignment\Library\PackageCache\com.unity.visualscripting@1.6.1\Editor\VisualScripting.Core\Dependencies\YamlDotNet\Unity.VisualScripting.YamlDotNet.dll
Symbol file LoadedFromMemory doesn't match image C:\Users\s1706262\Desktop\Masters\MachineLearningAssignment\Library\PackageCache\com.unity.visualscripting@1.6.1\Editor\VisualScripting.Core\Dependencies\DotNetZip\Unity.VisualScripting.IonicZip.dll
Native extension for Lumin target not found
Native extension for LinuxStandalone target not found
Native extension for WindowsStandalone target not found
Native extension for OSXStandalone target not found
Native extension for WebGL target not found
Refreshing native plugins compatible for Editor in 1.11 ms, found 7 plugins.
Preloading 0 native plugins for Editor in 0.00 ms.
Mono: successfully reloaded assembly
- Completed reload, in  1.070 seconds
Domain Reload Profiling:
	ReloadAssembly (1070ms)
		BeginReloadAssembly (150ms)
			ExecutionOrderSort (0ms)
			DisableScriptedObjects (3ms)
			BackupInstance (0ms)
			ReleaseScriptingObjects (0ms)
			CreateAndSetChildDomain (38ms)
		EndReloadAssembly (878ms)
			LoadAssemblies (146ms)
			RebuildTransferFunctionScriptingTraits (0ms)
			SetupTypeCache (258ms)
			ReleaseScriptCaches (1ms)
			RebuildScriptCaches (39ms)
			SetupLoadedEditorAssemblies (404ms)
				LogAssemblyErrors (0ms)
				InitializePlatformSupportModulesInManaged (32ms)
				SetLoadedEditorAssemblies (1ms)
				RefreshPlugins (1ms)
				BeforeProcessingInitializeOnLoad (64ms)
				ProcessInitializeOnLoadAttributes (297ms)
				ProcessInitializeOnLoadMethodAttributes (3ms)
				AfterProcessingInitializeOnLoad (5ms)
				EditorAssembliesLoaded (0ms)
			ExecutionOrderSort2 (0ms)
			AwakeInstancesAfterBackupRestoration (4ms)
Platform modules already initialized, skipping
Refreshing native plugins compatible for Editor in 0.98 ms, found 7 plugins.
Preloading 0 native plugins for Editor in 0.00 ms.
Unloading 4336 Unused Serialized files (Serialized files now loaded: 0)
System memory in use before: 195.9 MB.
System memory in use after: 195.1 MB.

Unloading 89 unused Assets to reduce memory usage. Loaded Objects now: 4795.
Total: 4.457400 ms (FindLiveObjects: 0.243300 ms CreateObjectMapping: 0.122500 ms MarkObjects: 3.577100 ms  DeleteObjects: 0.513000 ms)

AssetImportParameters requested are different than current active one (requested -> active):
  custom:framework-win-MediaFoundation: 216162199b28c13a410421893ffa2e32 -> 
  custom:video-decoder-ogg-theora: a1e56fd34408186e4bbccfd4996cb3dc -> 
  custom:container-muxer-webm: aa71ff27fc2769a1b78a27578f13a17b -> 
  custom:container-demuxer-webm: 4f35f7cbe854078d1ac9338744f61a02 -> 
  custom:container-demuxer-ogg: 62fdf1f143b41e24485cea50d1cbac27 -> 
  custom:video-encoder-webm-vp8: eb34c28f22e8b96e1ab97ce403110664 -> 
  custom:video-decoder-webm-vp8: 9c59270c3fd7afecdb556c50c9e8de78 -> 
  custom:audio-decoder-ogg-vorbis: bf7c407c2cedff20999df2af8eb42d56 -> 
  custom:audio-encoder-webm-vorbis: bf7c407c2cedff20999df2af8eb42d56 -> 
========================================================================
Received Import Request.
  Time since last request: 12.565354 seconds.
  path: Assets/_project/Scripts/Games/Hummingbird/Agent/SpaceshipAgent.cs
  artifactKey: Guid(4d49b51b591c1e24989a4633a2f9dce9) Importer(815301076,1909f56bfc062723c751e8b465ee728b)
Start importing Assets/_project/Scripts/Games/Hummingbird/Agent/SpaceshipAgent.cs using Guid(4d49b51b591c1e24989a4633a2f9dce9) Importer(815301076,1909f56bfc062723c751e8b465ee728b)  -> (artifact id: '01724a61421c9dcfd163ec715d2a691e') in 0.009799 seconds 
========================================================================
Received Prepare
Registering precompiled user dll's ...
Registered in 0.022529 seconds.
Begin MonoManager ReloadAssembly
Symbol file LoadedFromMemory doesn't match image C:\Users\s1706262\Desktop\Masters\MachineLearningAssignment\Library\PackageCache\com.unity.visualscripting@1.6.1\Editor\VisualScripting.Core\Dependencies\YamlDotNet\Unity.VisualScripting.YamlDotNet.dll
Symbol file LoadedFromMemory doesn't match image C:\Users\s1706262\Desktop\Masters\MachineLearningAssignment\Library\PackageCache\com.unity.visualscripting@1.6.1\Editor\VisualScripting.Core\Dependencies\DotNetZip\Unity.VisualScripting.IonicZip.dll
Native extension for Lumin target not found
Native extension for LinuxStandalone target not found
Native extension for WindowsStandalone target not found
Native extension for OSXStandalone target not found
Native extension for WebGL target not found
Refreshing native plugins compatible for Editor in 1.04 ms, found 7 plugins.
Preloading 0 native plugins for Editor in 0.00 ms.
Mono: successfully reloaded assembly
- Completed reload, in  1.034 seconds
Domain Reload Profiling:
	ReloadAssembly (1035ms)
		BeginReloadAssembly (144ms)
			ExecutionOrderSort (0ms)
			DisableScriptedObjects (3ms)
			BackupInstance (0ms)
			ReleaseScriptingObjects (0ms)
			CreateAndSetChildDomain (38ms)
		EndReloadAssembly (844ms)
			LoadAssemblies (146ms)
			RebuildTransferFunctionScriptingTraits (0ms)
			SetupTypeCache (252ms)
			ReleaseScriptCaches (1ms)
			RebuildScriptCaches (39ms)
			SetupLoadedEditorAssemblies (372ms)
				LogAssemblyErrors (0ms)
				InitializePlatformSupportModulesInManaged (29ms)
				SetLoadedEditorAssemblies (1ms)
				RefreshPlugins (1ms)
				BeforeProcessingInitializeOnLoad (58ms)
				ProcessInitializeOnLoadAttributes (275ms)
				ProcessInitializeOnLoadMethodAttributes (3ms)
				AfterProcessingInitializeOnLoad (5ms)
				EditorAssembliesLoaded (0ms)
			ExecutionOrderSort2 (0ms)
			AwakeInstancesAfterBackupRestoration (4ms)
Platform modules already initialized, skipping
Refreshing native plugins compatible for Editor in 1.07 ms, found 7 plugins.
Preloading 0 native plugins for Editor in 0.00 ms.
Unloading 4336 Unused Serialized files (Serialized files now loaded: 0)
System memory in use before: 195.9 MB.
System memory in use after: 195.1 MB.

Unloading 89 unused Assets to reduce memory usage. Loaded Objects now: 4798.
Total: 3.213100 ms (FindLiveObjects: 0.221900 ms CreateObjectMapping: 0.103600 ms MarkObjects: 2.487800 ms  DeleteObjects: 0.398700 ms)

AssetImportParameters requested are different than current active one (requested -> active):
  custom:framework-win-MediaFoundation: 216162199b28c13a410421893ffa2e32 -> 
  custom:video-decoder-ogg-theora: a1e56fd34408186e4bbccfd4996cb3dc -> 
  custom:container-muxer-webm: aa71ff27fc2769a1b78a27578f13a17b -> 
  custom:container-demuxer-webm: 4f35f7cbe854078d1ac9338744f61a02 -> 
  custom:container-demuxer-ogg: 62fdf1f143b41e24485cea50d1cbac27 -> 
  custom:video-encoder-webm-vp8: eb34c28f22e8b96e1ab97ce403110664 -> 
  custom:video-decoder-webm-vp8: 9c59270c3fd7afecdb556c50c9e8de78 -> 
  custom:audio-decoder-ogg-vorbis: bf7c407c2cedff20999df2af8eb42d56 -> 
  custom:audio-encoder-webm-vorbis: bf7c407c2cedff20999df2af8eb42d56 -> 
========================================================================
Received Import Request.
  Time since last request: 15.949290 seconds.
  path: Assets/_project/Scripts/Games/Spaceship
  artifactKey: Guid(2212d20396d4915448f124e917106d16) Importer(815301076,1909f56bfc062723c751e8b465ee728b)
Start importing Assets/_project/Scripts/Games/Spaceship using Guid(2212d20396d4915448f124e917106d16) Importer(815301076,1909f56bfc062723c751e8b465ee728b)  -> (artifact id: '457dbb624e9d9a369399354768a86460') in 0.010441 seconds 
========================================================================
Received Prepare
Registering precompiled user dll's ...
Registered in 0.023454 seconds.
Begin MonoManager ReloadAssembly
Symbol file LoadedFromMemory doesn't match image C:\Users\s1706262\Desktop\Masters\MachineLearningAssignment\Library\PackageCache\com.unity.visualscripting@1.6.1\Editor\VisualScripting.Core\Dependencies\YamlDotNet\Unity.VisualScripting.YamlDotNet.dll
Symbol file LoadedFromMemory doesn't match image C:\Users\s1706262\Desktop\Masters\MachineLearningAssignment\Library\PackageCache\com.unity.visualscripting@1.6.1\Editor\VisualScripting.Core\Dependencies\DotNetZip\Unity.VisualScripting.IonicZip.dll
Native extension for Lumin target not found
Native extension for LinuxStandalone target not found
Native extension for WindowsStandalone target not found
Native extension for OSXStandalone target not found
Native extension for WebGL target not found
Refreshing native plugins compatible for Editor in 0.98 ms, found 7 plugins.
Preloading 0 native plugins for Editor in 0.00 ms.
Mono: successfully reloaded assembly
- Completed reload, in  1.052 seconds
Domain Reload Profiling:
	ReloadAssembly (1053ms)
		BeginReloadAssembly (150ms)
			ExecutionOrderSort (0ms)
			DisableScriptedObjects (3ms)
			BackupInstance (0ms)
			ReleaseScriptingObjects (0ms)
			CreateAndSetChildDomain (36ms)
		EndReloadAssembly (857ms)
			LoadAssemblies (163ms)
			RebuildTransferFunctionScriptingTraits (0ms)
			SetupTypeCache (256ms)
			ReleaseScriptCaches (1ms)
			RebuildScriptCaches (39ms)
			SetupLoadedEditorAssemblies (377ms)
				LogAssemblyErrors (0ms)
				InitializePlatformSupportModulesInManaged (30ms)
				SetLoadedEditorAssemblies (0ms)
				RefreshPlugins (1ms)
				BeforeProcessingInitializeOnLoad (57ms)
				ProcessInitializeOnLoadAttributes (280ms)
				ProcessInitializeOnLoadMethodAttributes (3ms)
				AfterProcessingInitializeOnLoad (5ms)
				EditorAssembliesLoaded (0ms)
			ExecutionOrderSort2 (0ms)
			AwakeInstancesAfterBackupRestoration (4ms)
Platform modules already initialized, skipping
Refreshing native plugins compatible for Editor in 1.03 ms, found 7 plugins.
Preloading 0 native plugins for Editor in 0.00 ms.
Unloading 4336 Unused Serialized files (Serialized files now loaded: 0)
System memory in use before: 195.9 MB.
System memory in use after: 195.1 MB.

Unloading 89 unused Assets to reduce memory usage. Loaded Objects now: 4801.
Total: 3.206400 ms (FindLiveObjects: 0.222400 ms CreateObjectMapping: 0.103800 ms MarkObjects: 2.479100 ms  DeleteObjects: 0.400400 ms)

AssetImportParameters requested are different than current active one (requested -> active):
  custom:framework-win-MediaFoundation: 216162199b28c13a410421893ffa2e32 -> 
  custom:video-decoder-ogg-theora: a1e56fd34408186e4bbccfd4996cb3dc -> 
  custom:container-muxer-webm: aa71ff27fc2769a1b78a27578f13a17b -> 
  custom:container-demuxer-webm: 4f35f7cbe854078d1ac9338744f61a02 -> 
  custom:container-demuxer-ogg: 62fdf1f143b41e24485cea50d1cbac27 -> 
  custom:video-encoder-webm-vp8: eb34c28f22e8b96e1ab97ce403110664 -> 
  custom:video-decoder-webm-vp8: 9c59270c3fd7afecdb556c50c9e8de78 -> 
  custom:audio-decoder-ogg-vorbis: bf7c407c2cedff20999df2af8eb42d56 -> 
  custom:audio-encoder-webm-vorbis: bf7c407c2cedff20999df2af8eb42d56 -> 
========================================================================
Received Import Request.
  Time since last request: 19.648085 seconds.
  path: Assets/_project/MLModels/HummingBird.onnx
  artifactKey: Guid(1439f85f865285a4e9abecef797c232b) Importer(815301076,1909f56bfc062723c751e8b465ee728b)
Start importing Assets/_project/MLModels/HummingBird.onnx using Guid(1439f85f865285a4e9abecef797c232b) Importer(815301076,1909f56bfc062723c751e8b465ee728b)  -> (artifact id: 'b20c78af8c65ca79b2b2f8bba9d81bf8') in 0.074682 seconds 
========================================================================
Received Import Request.
  Time since last request: 10.858387 seconds.
  path: Assets/_project/Scenes/Training/SpaceshipTrain.unity
  artifactKey: Guid(e9567fa5a49858b4a90606461b9e3215) Importer(815301076,1909f56bfc062723c751e8b465ee728b)
Start importing Assets/_project/Scenes/Training/SpaceshipTrain.unity using Guid(e9567fa5a49858b4a90606461b9e3215) Importer(815301076,1909f56bfc062723c751e8b465ee728b)  -> (artifact id: '8703bfd97ac24403de64c1f4ca6decb0') in 0.006291 seconds 
========================================================================
Received Import Request.
  Time since last request: 1.638066 seconds.
  path: Assets/_project/Scenes/Demonstration/HummingbirdDemo.unity
  artifactKey: Guid(892502fc05a30464ebc90901e1755240) Importer(815301076,1909f56bfc062723c751e8b465ee728b)
Start importing Assets/_project/Scenes/Demonstration/HummingbirdDemo.unity using Guid(892502fc05a30464ebc90901e1755240) Importer(815301076,1909f56bfc062723c751e8b465ee728b)  -> (artifact id: '0d1273a6a3c933b38fa0cc608f3145be') in 0.005592 seconds 
========================================================================
Received Import Request.
  Time since last request: 7.226903 seconds.
  path: Assets/_project/Scenes/Demonstration/SpaceshipDemo.unity
  artifactKey: Guid(892502fc05a30464ebc90901e1755240) Importer(815301076,1909f56bfc062723c751e8b465ee728b)
Start importing Assets/_project/Scenes/Demonstration/SpaceshipDemo.unity using Guid(892502fc05a30464ebc90901e1755240) Importer(815301076,1909f56bfc062723c751e8b465ee728b)  -> (artifact id: 'ff2112c3cbd249722f5eb618d3e72ef6') in 0.006023 seconds 
========================================================================
Received Import Request.
  Time since last request: 27.658993 seconds.
  path: Assets/_project/Scripts/LoadingScreen/LoadingInformation.cs
  artifactKey: Guid(47cc01efce6d3e6439b036307268e22e) Importer(815301076,1909f56bfc062723c751e8b465ee728b)
Start importing Assets/_project/Scripts/LoadingScreen/LoadingInformation.cs using Guid(47cc01efce6d3e6439b036307268e22e) Importer(815301076,1909f56bfc062723c751e8b465ee728b)  -> (artifact id: '8d276dbd278753a51cf97f5fcae95c38') in 0.005525 seconds 
========================================================================
Received Import Request.
  Time since last request: 7.208161 seconds.
  path: Assets/_project/Scripts/LoadingScreen/LoadingInformation.cs
  artifactKey: Guid(47cc01efce6d3e6439b036307268e22e) Importer(815301076,1909f56bfc062723c751e8b465ee728b)
Start importing Assets/_project/Scripts/LoadingScreen/LoadingInformation.cs using Guid(47cc01efce6d3e6439b036307268e22e) Importer(815301076,1909f56bfc062723c751e8b465ee728b)  -> (artifact id: 'ca584c2a25616f965f27992dcedfee57') in 0.006133 seconds 
========================================================================
Received Prepare
Registering precompiled user dll's ...
Registered in 0.020350 seconds.
Begin MonoManager ReloadAssembly
Symbol file LoadedFromMemory doesn't match image C:\Users\s1706262\Desktop\Masters\MachineLearningAssignment\Library\PackageCache\com.unity.visualscripting@1.6.1\Editor\VisualScripting.Core\Dependencies\YamlDotNet\Unity.VisualScripting.YamlDotNet.dll
Symbol file LoadedFromMemory doesn't match image C:\Users\s1706262\Desktop\Masters\MachineLearningAssignment\Library\PackageCache\com.unity.visualscripting@1.6.1\Editor\VisualScripting.Core\Dependencies\DotNetZip\Unity.VisualScripting.IonicZip.dll
Native extension for Lumin target not found
Native extension for LinuxStandalone target not found
Native extension for WindowsStandalone target not found
Native extension for OSXStandalone target not found
Native extension for WebGL target not found
Refreshing native plugins compatible for Editor in 0.97 ms, found 7 plugins.
Preloading 0 native plugins for Editor in 0.00 ms.
Mono: successfully reloaded assembly
- Completed reload, in  1.087 seconds
Domain Reload Profiling:
	ReloadAssembly (1088ms)
		BeginReloadAssembly (154ms)
			ExecutionOrderSort (0ms)
			DisableScriptedObjects (3ms)
			BackupInstance (0ms)
			ReleaseScriptingObjects (0ms)
			CreateAndSetChildDomain (39ms)
		EndReloadAssembly (890ms)
			LoadAssemblies (154ms)
			RebuildTransferFunctionScriptingTraits (0ms)
			SetupTypeCache (268ms)
			ReleaseScriptCaches (1ms)
			RebuildScriptCaches (44ms)
			SetupLoadedEditorAssemblies (389ms)
				LogAssemblyErrors (0ms)
				InitializePlatformSupportModulesInManaged (33ms)
				SetLoadedEditorAssemblies (3ms)
				RefreshPlugins (1ms)
				BeforeProcessingInitializeOnLoad (62ms)
				ProcessInitializeOnLoadAttributes (281ms)
				ProcessInitializeOnLoadMethodAttributes (3ms)
				AfterProcessingInitializeOnLoad (5ms)
				EditorAssembliesLoaded (0ms)
			ExecutionOrderSort2 (0ms)
			AwakeInstancesAfterBackupRestoration (5ms)
Platform modules already initialized, skipping
Refreshing native plugins compatible for Editor in 1.00 ms, found 7 plugins.
Preloading 0 native plugins for Editor in 0.00 ms.
Unloading 4336 Unused Serialized files (Serialized files now loaded: 0)
System memory in use before: 196.7 MB.
System memory in use after: 195.8 MB.

Unloading 89 unused Assets to reduce memory usage. Loaded Objects now: 4804.
Total: 3.300300 ms (FindLiveObjects: 0.235500 ms CreateObjectMapping: 0.145300 ms MarkObjects: 2.504800 ms  DeleteObjects: 0.413700 ms)

AssetImportParameters requested are different than current active one (requested -> active):
  custom:framework-win-MediaFoundation: 216162199b28c13a410421893ffa2e32 -> 
  custom:video-decoder-ogg-theora: a1e56fd34408186e4bbccfd4996cb3dc -> 
  custom:container-muxer-webm: aa71ff27fc2769a1b78a27578f13a17b -> 
  custom:container-demuxer-webm: 4f35f7cbe854078d1ac9338744f61a02 -> 
  custom:container-demuxer-ogg: 62fdf1f143b41e24485cea50d1cbac27 -> 
  custom:video-encoder-webm-vp8: eb34c28f22e8b96e1ab97ce403110664 -> 
  custom:video-decoder-webm-vp8: 9c59270c3fd7afecdb556c50c9e8de78 -> 
  custom:audio-decoder-ogg-vorbis: bf7c407c2cedff20999df2af8eb42d56 -> 
  custom:audio-encoder-webm-vorbis: bf7c407c2cedff20999df2af8eb42d56 -> 
========================================================================
Received Import Request.
  Time since last request: 22.849630 seconds.
  path: Assets/_project/Scripts/StaticButtons.cs
  artifactKey: Guid(ab5f3add21a76384d86e0d6dbcf32805) Importer(815301076,1909f56bfc062723c751e8b465ee728b)
Start importing Assets/_project/Scripts/StaticButtons.cs using Guid(ab5f3add21a76384d86e0d6dbcf32805) Importer(815301076,1909f56bfc062723c751e8b465ee728b)  -> (artifact id: '3616487d566665902cb1dc9ddafd1c38') in 0.009447 seconds 
========================================================================
Received Import Request.
  Time since last request: 7.839440 seconds.
  path: Assets/_project/Scripts/StaticButtons.cs
  artifactKey: Guid(ab5f3add21a76384d86e0d6dbcf32805) Importer(815301076,1909f56bfc062723c751e8b465ee728b)
Start importing Assets/_project/Scripts/StaticButtons.cs using Guid(ab5f3add21a76384d86e0d6dbcf32805) Importer(815301076,1909f56bfc062723c751e8b465ee728b)  -> (artifact id: '52a9c82a6f5a7e3bcadc5505a541ebbc') in 0.006152 seconds 
========================================================================
Received Prepare
Registering precompiled user dll's ...
Registered in 0.023004 seconds.
Begin MonoManager ReloadAssembly
Symbol file LoadedFromMemory doesn't match image C:\Users\s1706262\Desktop\Masters\MachineLearningAssignment\Library\PackageCache\com.unity.visualscripting@1.6.1\Editor\VisualScripting.Core\Dependencies\YamlDotNet\Unity.VisualScripting.YamlDotNet.dll
Symbol file LoadedFromMemory doesn't match image C:\Users\s1706262\Desktop\Masters\MachineLearningAssignment\Library\PackageCache\com.unity.visualscripting@1.6.1\Editor\VisualScripting.Core\Dependencies\DotNetZip\Unity.VisualScripting.IonicZip.dll
Native extension for Lumin target not found
Native extension for LinuxStandalone target not found
Native extension for WindowsStandalone target not found
Native extension for OSXStandalone target not found
Native extension for WebGL target not found
Refreshing native plugins compatible for Editor in 0.99 ms, found 7 plugins.
Preloading 0 native plugins for Editor in 0.00 ms.
Mono: successfully reloaded assembly
- Completed reload, in  1.033 seconds
Domain Reload Profiling:
	ReloadAssembly (1033ms)
		BeginReloadAssembly (141ms)
			ExecutionOrderSort (0ms)
			DisableScriptedObjects (3ms)
			BackupInstance (0ms)
			ReleaseScriptingObjects (0ms)
			CreateAndSetChildDomain (35ms)
		EndReloadAssembly (849ms)
			LoadAssemblies (148ms)
			RebuildTransferFunctionScriptingTraits (0ms)
			SetupTypeCache (257ms)
			ReleaseScriptCaches (1ms)
			RebuildScriptCaches (43ms)
			SetupLoadedEditorAssemblies (372ms)
				LogAssemblyErrors (0ms)
				InitializePlatformSupportModulesInManaged (28ms)
				SetLoadedEditorAssemblies (0ms)
				RefreshPlugins (1ms)
				BeforeProcessingInitializeOnLoad (58ms)
				ProcessInitializeOnLoadAttributes (276ms)
				ProcessInitializeOnLoadMethodAttributes (3ms)
				AfterProcessingInitializeOnLoad (5ms)
				EditorAssembliesLoaded (0ms)
			ExecutionOrderSort2 (0ms)
			AwakeInstancesAfterBackupRestoration (5ms)
Platform modules already initialized, skipping
Refreshing native plugins compatible for Editor in 0.98 ms, found 7 plugins.
Preloading 0 native plugins for Editor in 0.00 ms.
Unloading 4336 Unused Serialized files (Serialized files now loaded: 0)
System memory in use before: 196.7 MB.
System memory in use after: 195.9 MB.

Unloading 89 unused Assets to reduce memory usage. Loaded Objects now: 4807.
Total: 3.376600 ms (FindLiveObjects: 0.317300 ms CreateObjectMapping: 0.132400 ms MarkObjects: 2.487300 ms  DeleteObjects: 0.438800 ms)

AssetImportParameters requested are different than current active one (requested -> active):
  custom:framework-win-MediaFoundation: 216162199b28c13a410421893ffa2e32 -> 
  custom:video-decoder-ogg-theora: a1e56fd34408186e4bbccfd4996cb3dc -> 
  custom:container-muxer-webm: aa71ff27fc2769a1b78a27578f13a17b -> 
  custom:container-demuxer-webm: 4f35f7cbe854078d1ac9338744f61a02 -> 
  custom:container-demuxer-ogg: 62fdf1f143b41e24485cea50d1cbac27 -> 
  custom:video-encoder-webm-vp8: eb34c28f22e8b96e1ab97ce403110664 -> 
  custom:video-decoder-webm-vp8: 9c59270c3fd7afecdb556c50c9e8de78 -> 
  custom:audio-decoder-ogg-vorbis: bf7c407c2cedff20999df2af8eb42d56 -> 
  custom:audio-encoder-webm-vorbis: bf7c407c2cedff20999df2af8eb42d56 -> 
